#
# There is insufficient memory for the Java Runtime Environment to continue.
# Native memory allocation (malloc) failed to allocate 146976 bytes for Chunk::new
# Possible reasons:
#   The system is out of physical RAM or swap space
#   The process is running with CompressedOops enabled, and the Java Heap may be blocking the growth of the native heap
# Possible solutions:
#   Reduce memory load on the system
#   Increase physical memory or swap space
#   Check if swap backing store is full
#   Decrease Java heap size (-Xmx/-Xms)
#   Decrease number of Java threads
#   Decrease Java thread stack sizes (-Xss)
#   Set larger code cache with -XX:ReservedCodeCacheSize=
#   JVM is running with Unscaled Compressed Oops mode in which the Java heap is
#     placed in the first 4GB address space. The Java Heap base address is the
#     maximum limit for the native heap growth. Please use -XX:HeapBaseMinAddress
#     to set the Java Heap base and to place the Java Heap above 4GB virtual address.
# This output file may be truncated or incomplete.
#
#  Out of Memory Error (allocation.cpp:390), pid=17944, tid=0x0000000000003a24
#
# JRE version: Java(TM) SE Runtime Environment (8.0_201-b09) (build 1.8.0_201-b09)
# Java VM: Java HotSpot(TM) 64-Bit Server VM (25.201-b09 mixed mode windows-amd64 compressed oops)
# Failed to write core dump. Minidumps are not enabled by default on client versions of Windows
#

---------------  T H R E A D  ---------------

Current thread (0x000000001820e800):  JavaThread "C2 CompilerThread1" daemon [_thread_in_native, id=14884, stack(0x0000000018760000,0x0000000018860000)]

Stack: [0x0000000018760000,0x0000000018860000]
[error occurred during error reporting (printing stack bounds), id 0xc0000005]

Native frames: (J=compiled Java code, j=interpreted, Vv=VM code, C=native code)


Current CompileTask:
C2:   3377 1149       4       jdk.internal.org.objectweb.asm.ClassWriter::newUTF8 (70 bytes)


---------------  P R O C E S S  ---------------

Java Threads: ( => current thread )
  0x000000001943a000 JavaThread "Timer-0" [_thread_blocked, id=17924, stack(0x000000001fac0000,0x000000001fbc0000)]
  0x0000000019103000 JavaThread "Thread-3" daemon [_thread_in_native, id=12712, stack(0x000000001f5b0000,0x000000001f6b0000)]
  0x0000000019108800 JavaThread "JavaFX-Launcher" [_thread_blocked, id=4188, stack(0x000000001f6b0000,0x000000001f7b0000)]
  0x00000000190fd000 JavaThread "JavaFX Application Thread" [_thread_in_native, id=13796, stack(0x0000000019e20000,0x0000000019f20000)]
  0x00000000190fa800 JavaThread "Thread-1" daemon [_thread_blocked, id=8528, stack(0x0000000019d20000,0x0000000019e20000)]
  0x000000001850e800 JavaThread "QuantumRenderer-0" daemon [_thread_blocked, id=14348, stack(0x0000000018ee0000,0x0000000018fe0000)]
  0x0000000018216000 JavaThread "Service Thread" daemon [_thread_blocked, id=16140, stack(0x0000000018960000,0x0000000018a60000)]
  0x0000000018213800 JavaThread "C1 CompilerThread2" daemon [_thread_blocked, id=11612, stack(0x0000000018860000,0x0000000018960000)]
=>0x000000001820e800 JavaThread "C2 CompilerThread1" daemon [_thread_in_native, id=14884, stack(0x0000000018760000,0x0000000018860000)]
  0x00000000181bb800 JavaThread "C2 CompilerThread0" daemon [_thread_blocked, id=10676, stack(0x0000000018660000,0x0000000018760000)]
  0x0000000016b68800 JavaThread "Monitor Ctrl-Break" daemon [_thread_in_native, id=12976, stack(0x0000000018560000,0x0000000018660000)]
  0x0000000016b17000 JavaThread "Attach Listener" daemon [_thread_blocked, id=9720, stack(0x0000000018060000,0x0000000018160000)]
  0x0000000016b15800 JavaThread "Signal Dispatcher" daemon [_thread_blocked, id=13856, stack(0x0000000017f60000,0x0000000018060000)]
  0x00000000031cc000 JavaThread "Finalizer" daemon [_thread_blocked, id=10780, stack(0x0000000017d60000,0x0000000017e60000)]
  0x00000000031c3000 JavaThread "Reference Handler" daemon [_thread_blocked, id=8552, stack(0x0000000017c60000,0x0000000017d60000)]
  0x00000000030d3000 JavaThread "main" [_thread_blocked, id=16812, stack(0x0000000001680000,0x0000000001780000)]

Other Threads:
  0x0000000016ad7800 VMThread [stack: 0x0000000017b60000,0x0000000017c60000] [id=15904]
  0x0000000018293800 WatcherThread [stack: 0x0000000018a60000,0x0000000018b60000] [id=13320]

VM state:not at safepoint (normal execution)

VM Mutex/Monitor currently owned by a thread: None

heap address: 0x00000000a1800000, size: 1512 MB, Compressed Oops mode: 32-bit
Narrow klass base: 0x0000000000000000, Narrow klass shift: 3
Compressed class space size: 1073741824 Address: 0x0000000100000000

Heap:
 PSYoungGen      total 28672K, used 18196K [0x00000000e0800000, 0x00000000e2800000, 0x0000000100000000)
  eden space 24576K, 62% used [0x00000000e0800000,0x00000000e16f93a0,0x00000000e2000000)
  from space 4096K, 69% used [0x00000000e2000000,0x00000000e22cc010,0x00000000e2400000)
  to   space 4096K, 0% used [0x00000000e2400000,0x00000000e2400000,0x00000000e2800000)
 ParOldGen       total 65536K, used 80K [0x00000000a1800000, 0x00000000a5800000, 0x00000000e0800000)
  object space 65536K, 0% used [0x00000000a1800000,0x00000000a1814010,0x00000000a5800000)
 Metaspace       used 13893K, capacity 14386K, committed 14592K, reserved 1062912K
  class space    used 1862K, capacity 2000K, committed 2048K, reserved 1048576K

Card table byte_map: [0x0000000012630000,0x0000000012930000] byte_map_base: 0x0000000012124000

Marking Bits: (ParMarkBitMap*) 0x00000000521e4ce0
 Begin Bits: [0x0000000012f30000, 0x00000000146d0000)
 End Bits:   [0x00000000146d0000, 0x0000000015e70000)

Polling page: 0x0000000000df0000

CodeCache: size=245760Kb used=4142Kb max_used=4142Kb free=241617Kb
 bounds [0x0000000003270000, 0x0000000003680000, 0x0000000012270000]
 total_blobs=1677 nmethods=1148 adapters=441
 compilation: enabled

Compilation events (10 events):
Event: 3.294 Thread 0x0000000018213800 nmethod 1144 0x0000000003674150 code [0x0000000003674360, 0x0000000003674eb8]
Event: 3.294 Thread 0x0000000018213800 1145       3       jdk.internal.org.objectweb.asm.Type::getDescriptor (18 bytes)
Event: 3.294 Thread 0x0000000018213800 nmethod 1145 0x0000000003675350 code [0x00000000036754e0, 0x0000000003675938]
Event: 3.294 Thread 0x0000000018213800 1146       3       java.util.AbstractList::iterator (10 bytes)
Event: 3.295 Thread 0x0000000018213800 nmethod 1146 0x0000000003675b10 code [0x0000000003675c80, 0x0000000003675f70]
Event: 3.325 Thread 0x0000000018213800 1147       1       java.lang.invoke.MemberName::getReferenceKind (12 bytes)
Event: 3.326 Thread 0x0000000018213800 nmethod 1147 0x0000000003679f10 code [0x000000000367a060, 0x000000000367a170]
Event: 3.346 Thread 0x0000000018213800 1148       3       javafx.scene.Scene::getRoot (22 bytes)
Event: 3.347 Thread 0x0000000018213800 nmethod 1148 0x000000000367bb90 code [0x000000000367bd00, 0x000000000367c068]
Event: 3.365 Thread 0x000000001820e800 1149       4       jdk.internal.org.objectweb.asm.ClassWriter::newUTF8 (70 bytes)

GC Heap History (2 events):
Event: 2.264 GC heap before
{Heap before GC invocations=1 (full 0):
 PSYoungGen      total 28672K, used 24576K [0x00000000e0800000, 0x00000000e2800000, 0x0000000100000000)
  eden space 24576K, 100% used [0x00000000e0800000,0x00000000e2000000,0x00000000e2000000)
  from space 4096K, 0% used [0x00000000e2400000,0x00000000e2400000,0x00000000e2800000)
  to   space 4096K, 0% used [0x00000000e2000000,0x00000000e2000000,0x00000000e2400000)
 ParOldGen       total 65536K, used 0K [0x00000000a1800000, 0x00000000a5800000, 0x00000000e0800000)
  object space 65536K, 0% used [0x00000000a1800000,0x00000000a1800000,0x00000000a5800000)
 Metaspace       used 10323K, capacity 10732K, committed 10880K, reserved 1058816K
  class space    used 1265K, capacity 1369K, committed 1408K, reserved 1048576K
Event: 2.271 GC heap after
Heap after GC invocations=1 (full 0):
 PSYoungGen      total 28672K, used 2864K [0x00000000e0800000, 0x00000000e2800000, 0x0000000100000000)
  eden space 24576K, 0% used [0x00000000e0800000,0x00000000e0800000,0x00000000e2000000)
  from space 4096K, 69% used [0x00000000e2000000,0x00000000e22cc010,0x00000000e2400000)
  to   space 4096K, 0% used [0x00000000e2400000,0x00000000e2400000,0x00000000e2800000)
 ParOldGen       total 65536K, used 80K [0x00000000a1800000, 0x00000000a5800000, 0x00000000e0800000)
  object space 65536K, 0% used [0x00000000a1800000,0x00000000a1814010,0x00000000a5800000)
 Metaspace       used 10323K, capacity 10732K, committed 10880K, reserved 1058816K
  class space    used 1265K, capacity 1369K, committed 1408K, reserved 1048576K
}

Deoptimization events (10 events):
Event: 2.229 Thread 0x00000000190fd000 Uncommon trap: reason=unstable_if action=reinterpret pc=0x000000000351aa00 method=java.util.HashMap.getNode(ILjava/lang/Object;)Ljava/util/HashMap$Node; @ 84
Event: 2.398 Thread 0x00000000190fd000 Uncommon trap: reason=unstable_if action=reinterpret pc=0x0000000003405980 method=java.lang.CharacterData.of(I)Ljava/lang/CharacterData; @ 4
Event: 2.621 Thread 0x00000000190fd000 Uncommon trap: reason=class_check action=maybe_recompile pc=0x00000000035a1614 method=java.util.HashMap.putVal(ILjava/lang/Object;Ljava/lang/Object;ZZ)Ljava/lang/Object; @ 203
Event: 2.632 Thread 0x00000000190fd000 Uncommon trap: reason=class_check action=maybe_recompile pc=0x00000000035a1614 method=java.util.HashMap.putVal(ILjava/lang/Object;Ljava/lang/Object;ZZ)Ljava/lang/Object; @ 203
Event: 2.637 Thread 0x00000000190fd000 Uncommon trap: reason=class_check action=maybe_recompile pc=0x00000000035a1614 method=java.util.HashMap.putVal(ILjava/lang/Object;Ljava/lang/Object;ZZ)Ljava/lang/Object; @ 203
Event: 2.637 Thread 0x00000000190fd000 Uncommon trap: reason=class_check action=maybe_recompile pc=0x00000000035a1614 method=java.util.HashMap.putVal(ILjava/lang/Object;Ljava/lang/Object;ZZ)Ljava/lang/Object; @ 203
Event: 2.639 Thread 0x00000000190fd000 Uncommon trap: reason=class_check action=maybe_recompile pc=0x000000000357bbc4 method=java.util.HashMap.putVal(ILjava/lang/Object;Ljava/lang/Object;ZZ)Ljava/lang/Object; @ 203
Event: 3.000 Thread 0x00000000190fd000 Uncommon trap: reason=unstable_if action=reinterpret pc=0x00000000035aacd4 method=java.util.HashMap.hash(Ljava/lang/Object;)I @ 1
Event: 3.000 Thread 0x00000000190fd000 Uncommon trap: reason=unstable_if action=reinterpret pc=0x00000000035bb328 method=java.util.HashMap.hash(Ljava/lang/Object;)I @ 1
Event: 3.150 Thread 0x00000000190fd000 Uncommon trap: reason=unstable_if action=reinterpret pc=0x00000000035a7fb8 method=java.lang.String.indexOf([CII[CIII)I @ 3

Classes redefined (0 events):
No events

Internal exceptions (10 events):
Event: 0.626 Thread 0x00000000030d3000 Implicit null exception at 0x0000000003392a55 to 0x0000000003392c19
Event: 1.937 Thread 0x00000000190fd000 Exception <a 'java/lang/NullPointerException'> (0x00000000e1939070) thrown at [C:\re\workspace\8-2-build-windows-amd64-cygwin\jdk8u201\12322\hotspot\src\share\vm\interpreter\linkResolver.cpp, line 1185]
Event: 1.937 Thread 0x00000000190fd000 Exception <a 'java/lang/NullPointerException'> (0x00000000e1939070) thrown at [C:\re\workspace\8-2-build-windows-amd64-cygwin\jdk8u201\12322\hotspot\src\share\vm\prims\jvm.cpp, line 1506]
Event: 2.664 Thread 0x00000000190fd000 Exception <a 'java/lang/ArrayIndexOutOfBoundsException'> (0x00000000e0cea050) thrown at [C:\re\workspace\8-2-build-windows-amd64-cygwin\jdk8u201\12322\hotspot\src\share\vm\runtime\sharedRuntime.cpp, line 605]
Event: 2.665 Thread 0x00000000190fd000 Exception <a 'java/lang/ArrayIndexOutOfBoundsException'> (0x00000000e0cec608) thrown at [C:\re\workspace\8-2-build-windows-amd64-cygwin\jdk8u201\12322\hotspot\src\share\vm\runtime\sharedRuntime.cpp, line 605]
Event: 2.666 Thread 0x00000000190fd000 Exception <a 'java/lang/ArrayIndexOutOfBoundsException'> (0x00000000e0cee4b0) thrown at [C:\re\workspace\8-2-build-windows-amd64-cygwin\jdk8u201\12322\hotspot\src\share\vm\runtime\sharedRuntime.cpp, line 605]
Event: 2.696 Thread 0x00000000190fd000 Exception <a 'java/lang/ArrayIndexOutOfBoundsException'> (0x00000000e0de51e8) thrown at [C:\re\workspace\8-2-build-windows-amd64-cygwin\jdk8u201\12322\hotspot\src\share\vm\runtime\sharedRuntime.cpp, line 605]
Event: 3.000 Thread 0x00000000190fd000 Implicit null exception at 0x00000000035aaab5 to 0x00000000035aacc5
Event: 3.000 Thread 0x00000000190fd000 Implicit null exception at 0x00000000035bacfb to 0x00000000035bb30d
Event: 3.122 Thread 0x00000000190fd000 Exception <a 'java/io/FileNotFoundException'> (0x00000000e13a5250) thrown at [C:\re\workspace\8-2-build-windows-amd64-cygwin\jdk8u201\12322\hotspot\src\share\vm\prims\jni.cpp, line 709]

Events (10 events):
Event: 3.371 loading class javafx/scene/Scene$InputMethodRequestsDelegate
Event: 3.371 loading class javafx/scene/Scene$InputMethodRequestsDelegate done
Event: 3.372 loading class com/sun/javafx/scene/input/ExtendedInputMethodRequests
Event: 3.372 loading class com/sun/javafx/scene/input/ExtendedInputMethodRequests done
Event: 3.373 loading class com/sun/javafx/sg/prism/NodePath
Event: 3.373 loading class com/sun/javafx/sg/prism/NodePath done
Event: 3.374 loading class com/sun/javafx/geom/DirtyRegionPool
Event: 3.374 loading class com/sun/javafx/geom/DirtyRegionPool done
Event: 3.374 loading class com/sun/javafx/geom/DirtyRegionContainer
Event: 3.375 loading class com/sun/javafx/geom/DirtyRegionContainer done


Dynamic libraries:
0x00007ff6d2c10000 - 0x00007ff6d2c47000 	C:\Program Files\Java\jdk1.8.0_201\bin\java.exe
0x00007fffbf970000 - 0x00007fffbfb5d000 	C:\WINDOWS\SYSTEM32\ntdll.dll
0x00007fffbcd40000 - 0x00007fffbcdf3000 	C:\WINDOWS\System32\KERNEL32.DLL
0x00007fffbc720000 - 0x00007fffbc9b3000 	C:\WINDOWS\System32\KERNELBASE.dll
0x00007fffbec50000 - 0x00007fffbecf3000 	C:\WINDOWS\System32\ADVAPI32.dll
0x00007fffbebb0000 - 0x00007fffbec4e000 	C:\WINDOWS\System32\msvcrt.dll
0x00007fffbe770000 - 0x00007fffbe80e000 	C:\WINDOWS\System32\sechost.dll
0x00007fffbe920000 - 0x00007fffbea42000 	C:\WINDOWS\System32\RPCRT4.dll
0x00007fffbe5d0000 - 0x00007fffbe767000 	C:\WINDOWS\System32\USER32.dll
0x00007fffbbbb0000 - 0x00007fffbbbd0000 	C:\WINDOWS\System32\win32u.dll
0x00007fffbf4b0000 - 0x00007fffbf4d9000 	C:\WINDOWS\System32\GDI32.dll
0x00007fffbbc80000 - 0x00007fffbbe1a000 	C:\WINDOWS\System32\gdi32full.dll
0x00007fffbbb10000 - 0x00007fffbbbb0000 	C:\WINDOWS\System32\msvcp_win.dll
0x00007fffbbe20000 - 0x00007fffbbf1a000 	C:\WINDOWS\System32\ucrtbase.dll
0x00007fffaa250000 - 0x00007fffaa4c9000 	C:\WINDOWS\WinSxS\amd64_microsoft.windows.common-controls_6595b64144ccf1df_6.0.17763.437_none_05b63dca071e5dd6\COMCTL32.dll
0x00007fffbed00000 - 0x00007fffbf02c000 	C:\WINDOWS\System32\combase.dll
0x00007fffbba40000 - 0x00007fffbbabe000 	C:\WINDOWS\System32\bcryptPrimitives.dll
0x00007fffbe5a0000 - 0x00007fffbe5ce000 	C:\WINDOWS\System32\IMM32.DLL
0x0000000053910000 - 0x00000000539e1000 	C:\Program Files\Java\jdk1.8.0_201\jre\bin\msvcr100.dll
0x00000000519c0000 - 0x0000000052264000 	C:\Program Files\Java\jdk1.8.0_201\jre\bin\server\jvm.dll
0x00007fffbe8f0000 - 0x00007fffbe8f8000 	C:\WINDOWS\System32\PSAPI.DLL
0x00007fffa5660000 - 0x00007fffa5669000 	C:\WINDOWS\SYSTEM32\WSOCK32.dll
0x00007fffbf670000 - 0x00007fffbf6dd000 	C:\WINDOWS\System32\WS2_32.dll
0x00007fffb9750000 - 0x00007fffb9774000 	C:\WINDOWS\SYSTEM32\WINMM.dll
0x00007fffaf4a0000 - 0x00007fffaf4aa000 	C:\WINDOWS\SYSTEM32\VERSION.dll
0x00007fffb9720000 - 0x00007fffb974d000 	C:\WINDOWS\SYSTEM32\WINMMBASE.dll
0x00007fffbc670000 - 0x00007fffbc6ba000 	C:\WINDOWS\System32\cfgmgr32.dll
0x00007fffb0a80000 - 0x00007fffb0a8f000 	C:\Program Files\Java\jdk1.8.0_201\jre\bin\verify.dll
0x00007fff91260000 - 0x00007fff91289000 	C:\Program Files\Java\jdk1.8.0_201\jre\bin\java.dll
0x00007fffa6240000 - 0x00007fffa6263000 	C:\Program Files\Java\jdk1.8.0_201\jre\bin\instrument.dll
0x00007fff91220000 - 0x00007fff91236000 	C:\Program Files\Java\jdk1.8.0_201\jre\bin\zip.dll
0x00007fffbce00000 - 0x00007fffbe2f0000 	C:\WINDOWS\System32\SHELL32.dll
0x00007fffbf6e0000 - 0x00007fffbf788000 	C:\WINDOWS\System32\shcore.dll
0x00007fffbbf20000 - 0x00007fffbc66a000 	C:\WINDOWS\System32\windows.storage.dll
0x00007fffbba10000 - 0x00007fffbba34000 	C:\WINDOWS\System32\profapi.dll
0x00007fffbb9b0000 - 0x00007fffbba0d000 	C:\WINDOWS\System32\powrprof.dll
0x00007fffbf610000 - 0x00007fffbf662000 	C:\WINDOWS\System32\shlwapi.dll
0x00007fffbb970000 - 0x00007fffbb981000 	C:\WINDOWS\System32\kernel.appcore.dll
0x00007fffbbaf0000 - 0x00007fffbbb07000 	C:\WINDOWS\System32\cryptsp.dll
0x00007fffaec80000 - 0x00007fffaec9a000 	C:\Program Files\IntelliJ IDEA 2018.3.5\bin\breakgen64.dll
0x00007fff91200000 - 0x00007fff9121a000 	C:\Program Files\Java\jdk1.8.0_201\jre\bin\net.dll
0x00007fffb08a0000 - 0x00007fffb0a76000 	C:\WINDOWS\SYSTEM32\urlmon.dll
0x00007fffb0f10000 - 0x00007fffb11b8000 	C:\WINDOWS\SYSTEM32\iertutil.dll
0x00007fffbb360000 - 0x00007fffbb36c000 	C:\WINDOWS\SYSTEM32\CRYPTBASE.DLL
0x00007fffbb190000 - 0x00007fffbb1f7000 	C:\WINDOWS\system32\mswsock.dll
0x0000000001780000 - 0x0000000001783000 	C:\Program Files\Java\jdk1.8.0_201\jre\bin\api-ms-win-core-console-l1-1-0.dll
0x0000000001790000 - 0x0000000001793000 	C:\Program Files\Java\jdk1.8.0_201\jre\bin\api-ms-win-core-datetime-l1-1-0.dll
0x00000000017a0000 - 0x00000000017a3000 	C:\Program Files\Java\jdk1.8.0_201\jre\bin\api-ms-win-core-debug-l1-1-0.dll
0x00000000017b0000 - 0x00000000017b3000 	C:\Program Files\Java\jdk1.8.0_201\jre\bin\api-ms-win-core-errorhandling-l1-1-0.dll
0x0000000003070000 - 0x0000000003074000 	C:\Program Files\Java\jdk1.8.0_201\jre\bin\api-ms-win-core-file-l1-1-0.dll
0x0000000003080000 - 0x0000000003083000 	C:\Program Files\Java\jdk1.8.0_201\jre\bin\api-ms-win-core-file-l1-2-0.dll
0x0000000003090000 - 0x0000000003093000 	C:\Program Files\Java\jdk1.8.0_201\jre\bin\api-ms-win-core-file-l2-1-0.dll
0x00000000030a0000 - 0x00000000030a3000 	C:\Program Files\Java\jdk1.8.0_201\jre\bin\api-ms-win-core-handle-l1-1-0.dll
0x00000000030b0000 - 0x00000000030b3000 	C:\Program Files\Java\jdk1.8.0_201\jre\bin\api-ms-win-core-heap-l1-1-0.dll
0x00000000031d0000 - 0x00000000031d3000 	C:\Program Files\Java\jdk1.8.0_201\jre\bin\api-ms-win-core-interlocked-l1-1-0.dll
0x00000000031e0000 - 0x00000000031e3000 	C:\Program Files\Java\jdk1.8.0_201\jre\bin\api-ms-win-core-libraryloader-l1-1-0.dll
0x00000000031f0000 - 0x00000000031f3000 	C:\Program Files\Java\jdk1.8.0_201\jre\bin\api-ms-win-core-localization-l1-2-0.dll
0x0000000003200000 - 0x0000000003203000 	C:\Program Files\Java\jdk1.8.0_201\jre\bin\api-ms-win-core-memory-l1-1-0.dll
0x0000000003210000 - 0x0000000003213000 	C:\Program Files\Java\jdk1.8.0_201\jre\bin\api-ms-win-core-namedpipe-l1-1-0.dll
0x0000000003220000 - 0x0000000003223000 	C:\Program Files\Java\jdk1.8.0_201\jre\bin\api-ms-win-core-processenvironment-l1-1-0.dll
0x0000000003230000 - 0x0000000003233000 	C:\Program Files\Java\jdk1.8.0_201\jre\bin\api-ms-win-core-processthreads-l1-1-0.dll
0x0000000003240000 - 0x0000000003243000 	C:\Program Files\Java\jdk1.8.0_201\jre\bin\api-ms-win-core-processthreads-l1-1-1.dll
0x0000000003250000 - 0x0000000003253000 	C:\Program Files\Java\jdk1.8.0_201\jre\bin\api-ms-win-core-profile-l1-1-0.dll
0x0000000018b60000 - 0x0000000018b63000 	C:\Program Files\Java\jdk1.8.0_201\jre\bin\api-ms-win-core-rtlsupport-l1-1-0.dll
0x0000000018b70000 - 0x0000000018b73000 	C:\Program Files\Java\jdk1.8.0_201\jre\bin\api-ms-win-core-string-l1-1-0.dll
0x0000000018b80000 - 0x0000000018b83000 	C:\Program Files\Java\jdk1.8.0_201\jre\bin\api-ms-win-core-synch-l1-1-0.dll
0x0000000018b90000 - 0x0000000018b93000 	C:\Program Files\Java\jdk1.8.0_201\jre\bin\api-ms-win-core-synch-l1-2-0.dll
0x0000000018ba0000 - 0x0000000018ba3000 	C:\Program Files\Java\jdk1.8.0_201\jre\bin\api-ms-win-core-sysinfo-l1-1-0.dll
0x0000000018bb0000 - 0x0000000018bb3000 	C:\Program Files\Java\jdk1.8.0_201\jre\bin\api-ms-win-core-timezone-l1-1-0.dll
0x0000000018bc0000 - 0x0000000018bc3000 	C:\Program Files\Java\jdk1.8.0_201\jre\bin\api-ms-win-core-util-l1-1-0.dll
0x0000000018bd0000 - 0x0000000018bd3000 	C:\Program Files\Java\jdk1.8.0_201\jre\bin\api-ms-win-crt-conio-l1-1-0.dll
0x0000000018be0000 - 0x0000000018be4000 	C:\Program Files\Java\jdk1.8.0_201\jre\bin\api-ms-win-crt-convert-l1-1-0.dll
0x0000000018bf0000 - 0x0000000018bf3000 	C:\Program Files\Java\jdk1.8.0_201\jre\bin\api-ms-win-crt-environment-l1-1-0.dll
0x0000000018c00000 - 0x0000000018c03000 	C:\Program Files\Java\jdk1.8.0_201\jre\bin\api-ms-win-crt-filesystem-l1-1-0.dll
0x0000000018c10000 - 0x0000000018c13000 	C:\Program Files\Java\jdk1.8.0_201\jre\bin\api-ms-win-crt-heap-l1-1-0.dll
0x0000000018c20000 - 0x0000000018c23000 	C:\Program Files\Java\jdk1.8.0_201\jre\bin\api-ms-win-crt-locale-l1-1-0.dll
0x0000000018c30000 - 0x0000000018c35000 	C:\Program Files\Java\jdk1.8.0_201\jre\bin\api-ms-win-crt-math-l1-1-0.dll
0x0000000018c40000 - 0x0000000018c45000 	C:\Program Files\Java\jdk1.8.0_201\jre\bin\api-ms-win-crt-multibyte-l1-1-0.dll
0x0000000018c50000 - 0x0000000018c60000 	C:\Program Files\Java\jdk1.8.0_201\jre\bin\api-ms-win-crt-private-l1-1-0.dll
0x0000000018c60000 - 0x0000000018c63000 	C:\Program Files\Java\jdk1.8.0_201\jre\bin\api-ms-win-crt-process-l1-1-0.dll
0x0000000018c70000 - 0x0000000018c74000 	C:\Program Files\Java\jdk1.8.0_201\jre\bin\api-ms-win-crt-runtime-l1-1-0.dll
0x0000000018c80000 - 0x0000000018c84000 	C:\Program Files\Java\jdk1.8.0_201\jre\bin\api-ms-win-crt-stdio-l1-1-0.dll
0x0000000018c90000 - 0x0000000018c94000 	C:\Program Files\Java\jdk1.8.0_201\jre\bin\api-ms-win-crt-string-l1-1-0.dll
0x0000000018ca0000 - 0x0000000018ca3000 	C:\Program Files\Java\jdk1.8.0_201\jre\bin\api-ms-win-crt-time-l1-1-0.dll
0x0000000018cb0000 - 0x0000000018cb3000 	C:\Program Files\Java\jdk1.8.0_201\jre\bin\api-ms-win-crt-utility-l1-1-0.dll
0x00007fff87af0000 - 0x00007fff87be6000 	C:\Program Files\Java\jdk1.8.0_201\jre\bin\ucrtbase.dll
0x00007fffaeab0000 - 0x00007fffaeac6000 	C:\Program Files\Java\jdk1.8.0_201\jre\bin\vcruntime140.dll
0x00007fff82c90000 - 0x00007fff82d2c000 	C:\Program Files\Java\jdk1.8.0_201\jre\bin\msvcp140.dll
0x00007fff89ea0000 - 0x00007fff89ef1000 	C:\Program Files\Java\jdk1.8.0_201\jre\bin\concrt140.dll
0x00007fff93cf0000 - 0x00007fff93d13000 	C:\Program Files\Java\jdk1.8.0_201\jre\bin\prism_d3d.dll
0x00007fffa49d0000 - 0x00007fffa4b6e000 	C:\WINDOWS\system32\d3d9.dll
0x00007fffb9c70000 - 0x00007fffb9c9e000 	C:\WINDOWS\SYSTEM32\dwmapi.dll
0x00007fffbc9c0000 - 0x00007fffbcb9b000 	C:\WINDOWS\System32\CRYPT32.dll
0x00007fffbb990000 - 0x00007fffbb9a2000 	C:\WINDOWS\System32\MSASN1.dll
0x00007fffb9b80000 - 0x00007fffb9c1c000 	C:\WINDOWS\system32\uxtheme.dll
0x00007fffbc6c0000 - 0x00007fffbc719000 	C:\WINDOWS\System32\WINTRUST.DLL
0x00007fffbe900000 - 0x00007fffbe91d000 	C:\WINDOWS\System32\imagehlp.dll
0x00007fffbad50000 - 0x00007fffbad83000 	C:\WINDOWS\system32\rsaenh.dll
0x00007fffbbac0000 - 0x00007fffbbae6000 	C:\WINDOWS\System32\bcrypt.dll
0x00007fff90d50000 - 0x00007fff90d99000 	C:\Program Files\Java\jdk1.8.0_201\jre\bin\glass.dll
0x00007fffbcc10000 - 0x00007fffbcd37000 	C:\WINDOWS\System32\COMDLG32.dll
0x00007fffbea50000 - 0x00007fffbeba5000 	C:\WINDOWS\System32\ole32.dll
0x00007fffbe2f0000 - 0x00007fffbe3b4000 	C:\WINDOWS\System32\OLEAUT32.dll
0x00007fffbe3c0000 - 0x00007fffbe52a000 	C:\WINDOWS\System32\MSCTF.dll
0x00007fff72f70000 - 0x00007fff7321e000 	C:\WINDOWS\system32\nvspcap64.dll
0x00007fffbaa30000 - 0x00007fffbaa61000 	C:\WINDOWS\SYSTEM32\ntmarta.dll
0x00007fffaea50000 - 0x00007fffaea64000 	C:\Program Files\Java\jdk1.8.0_201\jre\bin\javafx_font.dll
0x00007fffb05a0000 - 0x00007fffb089f000 	C:\WINDOWS\SYSTEM32\dwrite.dll
0x00007fffbf560000 - 0x00007fffbf602000 	C:\WINDOWS\System32\clbcatq.dll
0x00007fffb72f0000 - 0x00007fffb74a8000 	C:\WINDOWS\SYSTEM32\WindowsCodecs.dll
0x00007fff850f0000 - 0x00007fff85146000 	C:\WINDOWS\system32\dataexchange.dll
0x00007fffb86c0000 - 0x00007fffb893e000 	C:\WINDOWS\system32\d3d11.dll
0x00007fffb8fc0000 - 0x00007fffb9183000 	C:\WINDOWS\system32\dcomp.dll
0x00007fffba6f0000 - 0x00007fffba7b2000 	C:\WINDOWS\system32\dxgi.dll
0x00007fffb9d50000 - 0x00007fffb9f5d000 	C:\WINDOWS\system32\twinapi.appcore.dll
0x00007fffb9f60000 - 0x00007fffb9f88000 	C:\WINDOWS\system32\RMCLIENT.dll
0x00007fff91490000 - 0x00007fff914c3000 	C:\Program Files\Common Files\Microsoft Shared\Ink\rtscom.dll

VM Arguments:
jvm_args: -javaagent:C:\Program Files\IntelliJ IDEA 2018.3.5\lib\idea_rt.jar=52474:C:\Program Files\IntelliJ IDEA 2018.3.5\bin -Dfile.encoding=UTF-8 
java_command: sample.Main
java_class_path (initial): C:\Program Files\Java\jdk1.8.0_201\jre\lib\charsets.jar;C:\Program Files\Java\jdk1.8.0_201\jre\lib\deploy.jar;C:\Program Files\Java\jdk1.8.0_201\jre\lib\ext\access-bridge-64.jar;C:\Program Files\Java\jdk1.8.0_201\jre\lib\ext\cldrdata.jar;C:\Program Files\Java\jdk1.8.0_201\jre\lib\ext\dnsns.jar;C:\Program Files\Java\jdk1.8.0_201\jre\lib\ext\jaccess.jar;C:\Program Files\Java\jdk1.8.0_201\jre\lib\ext\jfxrt.jar;C:\Program Files\Java\jdk1.8.0_201\jre\lib\ext\localedata.jar;C:\Program Files\Java\jdk1.8.0_201\jre\lib\ext\nashorn.jar;C:\Program Files\Java\jdk1.8.0_201\jre\lib\ext\sunec.jar;C:\Program Files\Java\jdk1.8.0_201\jre\lib\ext\sunjce_provider.jar;C:\Program Files\Java\jdk1.8.0_201\jre\lib\ext\sunmscapi.jar;C:\Program Files\Java\jdk1.8.0_201\jre\lib\ext\sunpkcs11.jar;C:\Program Files\Java\jdk1.8.0_201\jre\lib\ext\zipfs.jar;C:\Program Files\Java\jdk1.8.0_201\jre\lib\javaws.jar;C:\Program Files\Java\jdk1.8.0_201\jre\lib\jce.jar;C:\Program Files\Java\jdk1.8.0_201\jre\lib\jfr.jar;C:\Program Files\Java\jdk1.8.0_201\jre\lib\jfxswt.jar;C:\Program Files\Java\jdk1.8.0_201\jre\lib\jsse.jar;C:\Program Files\Java\jdk1.8.0_201\jre\lib\management-agent.jar;C:\Program Files\Java\jdk1.8.0_201\jre\lib\plugin.jar;C:\Program Files\Java\jdk1.8.0_201\jre\lib\resources.jar;C:\Program Files\Java\jdk1.8.0_201\jre\lib\rt.jar;C:\Users\lenovo\IdeaProjects\TestApp\out\production\TestApp;X:\Programs\mysql-connector-java-8.0.16\mysql-connector-java-8.0.16.jar;X:\Java\Libraries\commons-validator-1.6\commons-validator-1.6-tests.jar;X:\Java\Libraries\commons-validator-1.6\commons-validator-1.6.jar;C:\Program Files\IntelliJ IDEA 2018.3.5\lib\idea_rt.jar
Launcher Type: SUN_STANDARD

Environment Variables:
PATH=C:\Program Files (x86)\Common Files\Oracle\Java\javapath;X:\Programs\Oracle\XE\app\oracle\product\11.2.0\server\bin;;C:\Program Files\Microsoft MPI\Bin\;X:\Programs\Oracle\product\18.0.0\client_1\bin;C:\WINDOWS\system32;C:\WINDOWS;C:\WINDOWS\System32\Wbem;C:\WINDOWS\System32\WindowsPowerShell\v1.0\;C:\WINDOWS\System32\OpenSSH\;C:\Program Files\dotnet\;C:\Program Files\Microsoft SQL Server\130\Tools\Binn\;C:\Program Files\Microsoft SQL Server\Client SDK\ODBC\130\Tools\Binn\;C:\Program Files (x86)\Microsoft SQL Server\140\Tools\Binn\;C:\Program Files\Microsoft SQL Server\140\Tools\Binn\;C:\Program Files\Microsoft SQL Server\140\DTS\Binn\;C:\Program Files (x86)\Microsoft SQL Server\Client SDK\ODBC\130\Tools\Binn\;C:\Program Files (x86)\Microsoft SQL Server\140\DTS\Binn\;C:\Program Files (x86)\Microsoft SQL Server\140\Tools\Binn\ManagementStudio\;C:\Program Files (x86)\NVIDIA Corporation\PhysX\Common;C:\Program Files\NVIDIA Corporation\NVIDIA NvDLISR;X:\Programs\bin;C:\Users\lenovo\AppData\Local\Programs\Python\Python37-32\Scripts\;C:\Users\lenovo\AppData\Local\Programs\Python\Python37-32\;C:\Program Files\Java\jdk-11.0.2\bin;C:\Program Files\IntelliJ IDEA 2018.3.5\bin;C:\Users\lenovo\AppData\Local\atom\bin
USERNAME=lenovo
OS=Windows_NT
PROCESSOR_IDENTIFIER=Intel64 Family 6 Model 58 Stepping 9, GenuineIntel



---------------  S Y S T E M  ---------------

OS: Windows 10.0 , 64 bit Build 17763 (10.0.17763.437)

CPU:total 4 (initial active 4) (2 cores per cpu, 2 threads per core) family 6 model 58 stepping 9, cmov, cx8, fxsr, mmx, sse, sse2, sse3, ssse3, sse4.1, sse4.2, popcnt, avx, clmul, erms, ht, tsc, tscinvbit, tscinv

Memory: 4k page, physical 6191464k(530412k free), swap 12482920k(4136k free)

vm_info: Java HotSpot(TM) 64-Bit Server VM (25.201-b09) for windows-amd64 JRE (1.8.0_201-b09), built on Dec 15 2018 18:36:39 by "java_re" with MS VC++ 10.0 (VS2010)

time: Tue May 07 21:44:56 2019
timezone: Финляндия (лето)
elapsed time: 3 seconds (0d 0h 0m 3s)

